<?xml version="1.0" encoding="UTF-8"?>
<testng-results ignored="0" total="1" passed="1" failed="0" skipped="0">
  <reporter-output>
  </reporter-output>
  <suite started-at="2024-04-24T15:10:00 EEST" name="Default Suite" finished-at="2024-04-24T15:10:05 EEST" duration-ms="4838">
    <groups>
    </groups>
    <test started-at="2024-04-24T15:10:00 EEST" name="Fox-QAC-11-01-2024" finished-at="2024-04-24T15:10:05 EEST" duration-ms="4838">
      <class name="toolShopDemoTests.RegisterTest">
        <test-method is-config="true" signature="setup()[pri:0, instance:toolShopDemoTests.RegisterTest@2aa5fe93]" started-at="2024-04-24T15:10:00 EEST" name="setup" finished-at="2024-04-24T15:10:03 EEST" duration-ms="2356" status="PASS">
          <reporter-output>
          </reporter-output>
        </test-method> <!-- setup -->
        <test-method signature="registerTest()[pri:0, instance:toolShopDemoTests.RegisterTest@2aa5fe93]" started-at="2024-04-24T15:10:03 EEST" name="registerTest" finished-at="2024-04-24T15:10:05 EEST" duration-ms="2230" status="PASS">
          <reporter-output>
          </reporter-output>
        </test-method> <!-- registerTest -->
        <test-method is-config="true" signature="tearDown()[pri:0, instance:toolShopDemoTests.RegisterTest@2aa5fe93]" started-at="2024-04-24T15:10:05 EEST" name="tearDown" finished-at="2024-04-24T15:10:05 EEST" duration-ms="204" status="PASS">
          <reporter-output>
          </reporter-output>
        </test-method> <!-- tearDown -->
      </class> <!-- toolShopDemoTests.RegisterTest -->
    </test> <!-- Fox-QAC-11-01-2024 -->
  </suite> <!-- Default Suite -->
</testng-results>
