<?xml version="1.0" encoding="UTF-8"?>
<!-- Generated by org.testng.reporters.JUnitXMLReporter -->
<testsuite ignored="0" hostname="misu-PC" failures="0" tests="5" name="page object model" time="36.459" errors="0" timestamp="2024-04-18T21:37:39 EEST">
  <testcase classname="LoginTests" name="lockedAccount" time="1.684"/>
  <testcase classname="LoginTests" name="successfulLogin" time="2.198"/>
  <testcase classname="LoginTests" name="unsuccessfulLogin" time="1.383"/>
  <testcase classname="BuyProductTest" name="buyProduct" time="4.732"/>
  <testcase classname="AddToFavoritesTest" name="addToFavorites" time="3.099"/>
</testsuite> <!-- page object model -->
