<?xml version="1.0" encoding="UTF-8"?>
<!-- Generated by org.testng.reporters.JUnitXMLReporter -->
<testsuite ignored="0" hostname="DESKTOP-FVKAUBM" failures="0" tests="5" name="page object model" time="9.444" errors="0" timestamp="2024-04-18T21:37:30 EEST">
  <testcase classname="LoginTests" name="lockedAccount" time="0.604"/>
  <testcase classname="LoginTests" name="successfulLogin" time="0.683"/>
  <testcase classname="LoginTests" name="unsuccessfulLogin" time="0.762"/>
  <testcase classname="BuyProductTest" name="buyProduct" time="1.832"/>
  <testcase classname="AddToFavouritesTest" name="addToFavourites" time="1.075"/>
</testsuite> <!-- page object model -->
