<?xml version="1.0" encoding="UTF-8"?>
<!-- Generated by org.testng.reporters.JUnitXMLReporter -->
<testsuite ignored="0" hostname="DESKTOP-VLKL7AR" failures="0" tests="3" name="tool shop" time="18.83" errors="0" timestamp="2024-04-25T21:31:59 EEST">
  <testcase classname="toolShopTests.RegisterTest" name="registerTest" time="4.899"/>
  <testcase classname="toolShopTests.RegisterTest" name="verifyMandatoryFields" time="2.408"/>
  <testcase classname="toolShopTests.LoginTest" name="login" time="6.372"/>
</testsuite> <!-- tool shop -->
