<?xml version="1.0" encoding="UTF-8"?>
<!-- Generated by org.testng.reporters.JUnitXMLReporter -->
<testsuite ignored="0" hostname="misu-PC" failures="0" tests="4" name="tool shop" time="23.734" errors="0" timestamp="2024-05-14T22:14:05 EEST">
  <testcase classname="toolShopDemoTests.RegisterTest" name="registerTest" time="3.233"/>
  <testcase classname="toolShopDemoTests.RegisterTest" name="verifyMandatoryFields" time="1.257"/>
  <testcase classname="toolShopDemoTests.LoginTest" name="login" time="2.183"/>
  <testcase classname="toolShopDemoTests.BuyProductTest" name="buyProduct" time="5.356"/>
</testsuite> <!-- tool shop -->
