<?xml version="1.0" encoding="UTF-8"?>
<testng-results ignored="0" total="3" passed="3" failed="0" skipped="0">
  <reporter-output>
  </reporter-output>
  <suite started-at="2024-04-25T21:31:40 EEST" name="tool shop" finished-at="2024-04-25T21:31:59 EEST" duration-ms="18830">
    <groups>
    </groups>
    <test started-at="2024-04-25T21:31:40 EEST" name="tool shop" finished-at="2024-04-25T21:31:59 EEST" duration-ms="18830">
      <class name="toolShopTests.LoginTest">
        <test-method is-config="true" signature="setup()[pri:0, instance:toolShopTests.LoginTest@4fe767f3]" started-at="2024-04-25T21:31:51 EEST" name="setup" finished-at="2024-04-25T21:31:52 EEST" duration-ms="1095" status="PASS">
          <reporter-output>
          </reporter-output>
        </test-method> <!-- setup -->
        <test-method signature="login()[pri:0, instance:toolShopTests.LoginTest@4fe767f3]" started-at="2024-04-25T21:31:52 EEST" name="login" finished-at="2024-04-25T21:31:59 EEST" duration-ms="6372" status="PASS">
          <reporter-output>
          </reporter-output>
        </test-method> <!-- login -->
        <test-method is-config="true" signature="tearDown()[pri:0, instance:toolShopTests.LoginTest@4fe767f3]" started-at="2024-04-25T21:31:59 EEST" name="tearDown" finished-at="2024-04-25T21:31:59 EEST" duration-ms="194" status="PASS">
          <reporter-output>
          </reporter-output>
        </test-method> <!-- tearDown -->
      </class> <!-- toolShopTests.LoginTest -->
      <class name="toolShopTests.RegisterTest">
        <test-method is-config="true" signature="setup()[pri:0, instance:toolShopTests.RegisterTest@69930714]" started-at="2024-04-25T21:31:40 EEST" name="setup" finished-at="2024-04-25T21:31:43 EEST" duration-ms="2420" status="PASS">
          <reporter-output>
          </reporter-output>
        </test-method> <!-- setup -->
        <test-method signature="registerTest()[pri:0, instance:toolShopTests.RegisterTest@69930714]" started-at="2024-04-25T21:31:43 EEST" name="registerTest" finished-at="2024-04-25T21:31:48 EEST" duration-ms="4899" status="PASS">
          <reporter-output>
          </reporter-output>
        </test-method> <!-- registerTest -->
        <test-method is-config="true" signature="tearDown()[pri:0, instance:toolShopTests.RegisterTest@69930714]" started-at="2024-04-25T21:31:48 EEST" name="tearDown" finished-at="2024-04-25T21:31:48 EEST" duration-ms="139" status="PASS">
          <reporter-output>
          </reporter-output>
        </test-method> <!-- tearDown -->
        <test-method is-config="true" signature="setup()[pri:0, instance:toolShopTests.RegisterTest@69930714]" started-at="2024-04-25T21:31:48 EEST" name="setup" finished-at="2024-04-25T21:31:49 EEST" duration-ms="1102" status="PASS">
          <reporter-output>
          </reporter-output>
        </test-method> <!-- setup -->
        <test-method signature="verifyMandatoryFields()[pri:0, instance:toolShopTests.RegisterTest@69930714]" started-at="2024-04-25T21:31:49 EEST" name="verifyMandatoryFields" finished-at="2024-04-25T21:31:51 EEST" duration-ms="2408" status="PASS">
          <reporter-output>
          </reporter-output>
        </test-method> <!-- verifyMandatoryFields -->
        <test-method is-config="true" signature="tearDown()[pri:0, instance:toolShopTests.RegisterTest@69930714]" started-at="2024-04-25T21:31:51 EEST" name="tearDown" finished-at="2024-04-25T21:31:51 EEST" duration-ms="124" status="PASS">
          <reporter-output>
          </reporter-output>
        </test-method> <!-- tearDown -->
      </class> <!-- toolShopTests.RegisterTest -->
    </test> <!-- tool shop -->
  </suite> <!-- tool shop -->
</testng-results>
