<?xml version="1.0" encoding="UTF-8"?>
<!-- Generated by org.testng.reporters.JUnitXMLReporter -->
<testsuite ignored="0" hostname="DESKTOP-VLKL7AR" failures="0" tests="3" name="browser Stak Demo" time="10.898" errors="0" timestamp="2024-05-13T19:37:25 EEST">
  <testcase classname="bsDemoTest.LoginTests" name="lockedAccount" time="1.543"/>
  <testcase classname="bsDemoTest.LoginTests" name="successfulLogin" time="3.139"/>
  <testcase classname="bsDemoTest.LoginTests" name="unsuccessfulLogin" time="1.459"/>
</testsuite> <!-- browser Stak Demo -->
